<?xml version="1.0" encoding="UTF-8"?>
<testng-results ignored="0" total="1" passed="1" failed="0" skipped="0">
  <reporter-output>
  </reporter-output>
  <suite started-at="2020-10-31T14:34:50 MSK" name="Surefire suite" finished-at="2020-10-31T14:35:00 MSK" duration-ms="10169">
    <groups>
    </groups>
    <test started-at="2020-10-31T14:34:50 MSK" name="Surefire test" finished-at="2020-10-31T14:35:00 MSK" duration-ms="10169">
      <class name="TestClass">
        <test-method is-config="true" signature="setuUpDriver()[pri:0, instance:TestClass@71d44a3]" started-at="2020-10-31T14:34:50 MSK" name="setuUpDriver" finished-at="2020-10-31T14:34:56 MSK" duration-ms="5879" status="PASS">
          <reporter-output>
          </reporter-output>
        </test-method> <!-- setuUpDriver -->
        <test-method signature="verifySkillsTest()[pri:0, instance:TestClass@71d44a3]" started-at="2020-10-31T14:34:56 MSK" name="verifySkillsTest" finished-at="2020-10-31T14:34:59 MSK" duration-ms="3468" status="PASS">
          <reporter-output>
          </reporter-output>
        </test-method> <!-- verifySkillsTest -->
        <test-method is-config="true" signature="tearDownDriver()[pri:0, instance:TestClass@71d44a3]" started-at="2020-10-31T14:34:59 MSK" name="tearDownDriver" finished-at="2020-10-31T14:35:00 MSK" duration-ms="801" status="PASS">
          <reporter-output>
          </reporter-output>
        </test-method> <!-- tearDownDriver -->
      </class> <!-- TestClass -->
    </test> <!-- Surefire test -->
  </suite> <!-- Surefire suite -->
</testng-results>
